[13:55:25.812][INFO]: Parsing all .json files in upgrades folder.
[13:55:25.812][INFO]: Parsing all .json files in machines folder.
[13:55:25.814][INFO]: Finished, 0 .json files successfully parsed in upgrades folder.
[13:55:25.814][INFO]: Finished, 2 .json files successfully parsed in machines folder.
[13:55:28.883][INFO]: Reading Custom Machinery Machines...
[13:55:28.884][INFO]: Parsing machine json: custommachinery:steam_generator in datapack: data/MachinesForDaModpack
[13:55:28.888][INFO]: Successfully parsed machine json: custommachinery:steam_generator
[13:55:28.888][INFO]: Parsing machine json: custommachinery:lv_kinetic_hatch in datapack: data/MachinesForDaModpack
[13:55:28.889][INFO]: Successfully parsed machine json: custommachinery:lv_kinetic_hatch
[13:55:28.889][INFO]: Finished creating 2 custom machines.
[13:55:28.890][INFO]: Reading Custom Machinery Upgrades json
[13:55:28.890][INFO]: No machine upgrade json found.
[13:55:28.890][INFO]: Collecting machine upgrades with kubeJS.
[13:55:28.892][INFO]: No machine upgrades found with kubejs
[13:55:28.892][INFO]: Finished creating custom machine upgrades.
[14:13:49.921][INFO]: Parsing all .json files in upgrades folder.
[14:13:49.921][INFO]: Parsing all .json files in machines folder.
[14:13:49.922][INFO]: Finished, 0 .json files successfully parsed in upgrades folder.
[14:13:49.923][INFO]: Finished, 2 .json files successfully parsed in machines folder.
[14:13:52.648][INFO]: Reading Custom Machinery Machines...
[14:13:52.649][INFO]: Parsing machine json: custommachinery:steam_generator in datapack: data/MachinesForDaModpack
[14:13:52.649][INFO]: Successfully parsed machine json: custommachinery:steam_generator
[14:13:52.649][INFO]: Parsing machine json: custommachinery:lv_kinetic_hatch in datapack: data/MachinesForDaModpack
[14:13:52.650][INFO]: Successfully parsed machine json: custommachinery:lv_kinetic_hatch
[14:13:52.650][INFO]: Finished creating 2 custom machines.
[14:13:52.650][INFO]: Reading Custom Machinery Upgrades json
[14:13:52.650][INFO]: No machine upgrade json found.
[14:13:52.650][INFO]: Collecting machine upgrades with kubeJS.
[14:13:52.650][INFO]: No machine upgrades found with kubejs
[14:13:52.650][INFO]: Finished creating custom machine upgrades.
